#
# There is insufficient memory for the Java Runtime Environment to continue.
# Native memory allocation (malloc) failed to allocate 80784 bytes for Chunk::new
# Possible reasons:
#   The system is out of physical RAM or swap space
#   In 32 bit mode, the process size limit was hit
# Possible solutions:
#   Reduce memory load on the system
#   Increase physical memory or swap space
#   Check if swap backing store is full
#   Use 64 bit Java on a 64 bit OS
#   Decrease Java heap size (-Xmx/-Xms)
#   Decrease number of Java threads
#   Decrease Java thread stack sizes (-Xss)
#   Set larger code cache with -XX:ReservedCodeCacheSize=
# This output file may be truncated or incomplete.
#
#  Out of Memory Error (allocation.cpp:390), pid=27564, tid=0x0000000000002508
#
# JRE version: OpenJDK Runtime Environment (8.0_152-b02) (build 1.8.0_152-release-1024-b02)
# Java VM: OpenJDK 64-Bit Server VM (25.152-b02 mixed mode windows-amd64 compressed oops)
# Failed to write core dump. Minidumps are not enabled by default on client versions of Windows
#

---------------  T H R E A D  ---------------

Current thread (0x0000000014b01000):  JavaThread "C2 CompilerThread1" daemon [_thread_in_native, id=9480, stack(0x00000000151b0000,0x00000000152b0000)]

Stack: [0x00000000151b0000,0x00000000152b0000]
[error occurred during error reporting (printing stack bounds), id 0xc0000005]

Native frames: (J=compiled Java code, j=interpreted, Vv=VM code, C=native code)


Current CompileTask:
C2:    869  897 %     4       org.objectweb.asm.ClassReader::readCode @ 704 (3575 bytes)


---------------  P R O C E S S  ---------------

Java Threads: ( => current thread )
  0x0000000014b7d000 JavaThread "Service Thread" daemon [_thread_blocked, id=26536, stack(0x00000000153b0000,0x00000000154b0000)]
  0x0000000014b04800 JavaThread "C1 CompilerThread2" daemon [_thread_blocked, id=29988, stack(0x00000000152b0000,0x00000000153b0000)]
=>0x0000000014b01000 JavaThread "C2 CompilerThread1" daemon [_thread_in_native, id=9480, stack(0x00000000151b0000,0x00000000152b0000)]
  0x0000000014afe000 JavaThread "C2 CompilerThread0" daemon [_thread_in_native, id=704, stack(0x00000000150b0000,0x00000000151b0000)]
  0x0000000013125000 JavaThread "Attach Listener" daemon [_thread_blocked, id=29928, stack(0x0000000014fb0000,0x00000000150b0000)]
  0x000000001310d800 JavaThread "Signal Dispatcher" daemon [_thread_blocked, id=10760, stack(0x0000000014eb0000,0x0000000014fb0000)]
  0x0000000013100000 JavaThread "Finalizer" daemon [_thread_blocked, id=11712, stack(0x00000000149b0000,0x0000000014ab0000)]
  0x0000000002b67800 JavaThread "Reference Handler" daemon [_thread_blocked, id=30436, stack(0x00000000148b0000,0x00000000149b0000)]
  0x0000000002a76000 JavaThread "main" [_thread_in_Java, id=27568, stack(0x0000000002970000,0x0000000002a70000)]

Other Threads:
  0x00000000130d6000 VMThread [stack: 0x00000000147b0000,0x00000000148b0000] [id=4984]
  0x0000000014b97000 WatcherThread [stack: 0x00000000154b0000,0x00000000155b0000] [id=27132]

VM state:not at safepoint (normal execution)

VM Mutex/Monitor currently owned by a thread: None

Heap:
 PSYoungGen      total 18944K, used 14239K [0x00000000feb00000, 0x0000000100000000, 0x0000000100000000)
  eden space 16384K, 71% used [0x00000000feb00000,0x00000000ff66ed20,0x00000000ffb00000)
  from space 2560K, 98% used [0x00000000ffd80000,0x00000000ffff9250,0x0000000100000000)
  to   space 2560K, 0% used [0x00000000ffb00000,0x00000000ffb00000,0x00000000ffd80000)
 ParOldGen       total 44032K, used 5297K [0x00000000fc000000, 0x00000000feb00000, 0x00000000feb00000)
  object space 44032K, 12% used [0x00000000fc000000,0x00000000fc52c420,0x00000000feb00000)
 Metaspace       used 7724K, capacity 7944K, committed 8192K, reserved 1056768K
  class space    used 878K, capacity 970K, committed 1024K, reserved 1048576K

Card table byte_map: [0x0000000000b30000,0x0000000000b60000] byte_map_base: 0x0000000000350000

Marking Bits: (ParMarkBitMap*) 0x00000000596e4970
 Begin Bits: [0x0000000012530000, 0x0000000012630000)
 End Bits:   [0x0000000012630000, 0x0000000012730000)

Polling page: 0x0000000000800000

CodeCache: size=245760Kb used=3652Kb max_used=3656Kb free=242107Kb
 bounds [0x0000000002b70000, 0x0000000002f10000, 0x0000000011b70000]
 total_blobs=1304 nmethods=969 adapters=249
 compilation: enabled

Compilation events (10 events):
Event: 0.865 Thread 0x0000000014b04800  961       3       org.objectweb.asm.MethodWriter::getSize (864 bytes)
Event: 0.866 Thread 0x0000000014b04800 nmethod 961 0x0000000002efa010 code [0x0000000002efa480, 0x0000000002efc7e8]
Event: 0.866 Thread 0x0000000014b04800  966       3       com.google.devtools.build.android.desugar.ClassReaderFactory::isKnown (44 bytes)
Event: 0.867 Thread 0x0000000014b04800 nmethod 966 0x0000000002efdb90 code [0x0000000002efddc0, 0x0000000002efeb18]
Event: 0.867 Thread 0x0000000014b04800  963       3       com.google.devtools.build.android.desugar.InterfaceDesugaring::visitField (64 bytes)
Event: 0.867 Thread 0x0000000014b04800 nmethod 963 0x0000000002eff150 code [0x0000000002eff320, 0x0000000002effb98]
Event: 0.867 Thread 0x0000000014b04800  967       3       org.objectweb.asm.Item::<init> (5 bytes)
Event: 0.867 Thread 0x0000000014b04800 nmethod 967 0x0000000002ef0310 code [0x0000000002ef0460, 0x0000000002ef0610]
Event: 0.867 Thread 0x0000000014b04800  968       3       org.objectweb.asm.ClassVisitor::visitSource (17 bytes)
Event: 0.867 Thread 0x0000000014b04800 nmethod 968 0x0000000002effe90 code [0x0000000002f00000, 0x0000000002f00268]

GC Heap History (4 events):
Event: 0.434 GC heap before
{Heap before GC invocations=1 (full 0):
 PSYoungGen      total 18944K, used 16384K [0x00000000feb00000, 0x0000000100000000, 0x0000000100000000)
  eden space 16384K, 100% used [0x00000000feb00000,0x00000000ffb00000,0x00000000ffb00000)
  from space 2560K, 0% used [0x00000000ffd80000,0x00000000ffd80000,0x0000000100000000)
  to   space 2560K, 0% used [0x00000000ffb00000,0x00000000ffb00000,0x00000000ffd80000)
 ParOldGen       total 44032K, used 0K [0x00000000fc000000, 0x00000000feb00000, 0x00000000feb00000)
  object space 44032K, 0% used [0x00000000fc000000,0x00000000fc000000,0x00000000feb00000)
 Metaspace       used 6795K, capacity 7002K, committed 7040K, reserved 1056768K
  class space    used 796K, capacity 871K, committed 896K, reserved 1048576K
Event: 0.445 GC heap after
Heap after GC invocations=1 (full 0):
 PSYoungGen      total 18944K, used 2552K [0x00000000feb00000, 0x0000000100000000, 0x0000000100000000)
  eden space 16384K, 0% used [0x00000000feb00000,0x00000000feb00000,0x00000000ffb00000)
  from space 2560K, 99% used [0x00000000ffb00000,0x00000000ffd7e020,0x00000000ffd80000)
  to   space 2560K, 0% used [0x00000000ffd80000,0x00000000ffd80000,0x0000000100000000)
 ParOldGen       total 44032K, used 1251K [0x00000000fc000000, 0x00000000feb00000, 0x00000000feb00000)
  object space 44032K, 2% used [0x00000000fc000000,0x00000000fc138de0,0x00000000feb00000)
 Metaspace       used 6795K, capacity 7002K, committed 7040K, reserved 1056768K
  class space    used 796K, capacity 871K, committed 896K, reserved 1048576K
}
Event: 0.634 GC heap before
{Heap before GC invocations=2 (full 0):
 PSYoungGen      total 18944K, used 18936K [0x00000000feb00000, 0x0000000100000000, 0x0000000100000000)
  eden space 16384K, 100% used [0x00000000feb00000,0x00000000ffb00000,0x00000000ffb00000)
  from space 2560K, 99% used [0x00000000ffb00000,0x00000000ffd7e020,0x00000000ffd80000)
  to   space 2560K, 0% used [0x00000000ffd80000,0x00000000ffd80000,0x0000000100000000)
 ParOldGen       total 44032K, used 1251K [0x00000000fc000000, 0x00000000feb00000, 0x00000000feb00000)
  object space 44032K, 2% used [0x00000000fc000000,0x00000000fc138de0,0x00000000feb00000)
 Metaspace       used 6986K, capacity 7240K, committed 7424K, reserved 1056768K
  class space    used 814K, capacity 906K, committed 1024K, reserved 1048576K
Event: 0.646 GC heap after
Heap after GC invocations=2 (full 0):
 PSYoungGen      total 18944K, used 2532K [0x00000000feb00000, 0x0000000100000000, 0x0000000100000000)
  eden space 16384K, 0% used [0x00000000feb00000,0x00000000feb00000,0x00000000ffb00000)
  from space 2560K, 98% used [0x00000000ffd80000,0x00000000ffff9250,0x0000000100000000)
  to   space 2560K, 0% used [0x00000000ffb00000,0x00000000ffb00000,0x00000000ffd80000)
 ParOldGen       total 44032K, used 5297K [0x00000000fc000000, 0x00000000feb00000, 0x00000000feb00000)
  object space 44032K, 12% used [0x00000000fc000000,0x00000000fc52c420,0x00000000feb00000)
 Metaspace       used 6986K, capacity 7240K, committed 7424K, reserved 1056768K
  class space    used 814K, capacity 906K, committed 1024K, reserved 1048576K
}

Deoptimization events (10 events):
Event: 0.428 Thread 0x0000000002a76000 Uncommon trap: reason=unstable_if action=reinterpret pc=0x0000000002db6498 method=java.util.zip.ZipEntry.setExtra0([BZ)V @ 1
Event: 0.428 Thread 0x0000000002a76000 Uncommon trap: reason=unstable_if action=reinterpret pc=0x0000000002db7830 method=java.util.zip.ZipCoder.decoder()Ljava/nio/charset/CharsetDecoder; @ 4
Event: 0.530 Thread 0x0000000002a76000 Uncommon trap: reason=unloaded action=reinterpret pc=0x0000000002dcc9fc method=java.util.zip.ZipEntry.setExtra0([BZ)V @ 37
Event: 0.667 Thread 0x0000000002a76000 Uncommon trap: reason=unstable_if action=reinterpret pc=0x0000000002d24f70 method=java.lang.String.<init>([CII)V @ 18
Event: 0.686 Thread 0x0000000002a76000 Uncommon trap: reason=unstable_if action=reinterpret pc=0x0000000002dbc080 method=java.util.HashMap.putVal(ILjava/lang/Object;Ljava/lang/Object;ZZ)Ljava/lang/Object; @ 181
Event: 0.781 Thread 0x0000000002a76000 Uncommon trap: reason=bimorphic action=maybe_recompile pc=0x0000000002e8edac method=org.objectweb.asm.MethodVisitor.visitVarInsn(II)V @ 13
Event: 0.791 Thread 0x0000000002a76000 Uncommon trap: reason=bimorphic action=maybe_recompile pc=0x0000000002e8edac method=org.objectweb.asm.MethodVisitor.visitVarInsn(II)V @ 13
Event: 0.791 Thread 0x0000000002a76000 Uncommon trap: reason=bimorphic action=maybe_recompile pc=0x0000000002e8edac method=org.objectweb.asm.MethodVisitor.visitVarInsn(II)V @ 13
Event: 0.791 Thread 0x0000000002a76000 Uncommon trap: reason=bimorphic action=maybe_recompile pc=0x0000000002e8edac method=org.objectweb.asm.MethodVisitor.visitVarInsn(II)V @ 13
Event: 0.810 Thread 0x0000000002a76000 Uncommon trap: reason=unstable_if action=reinterpret pc=0x0000000002e96b4c method=org.objectweb.asm.Type.getArgumentsAndReturnSizes(Ljava/lang/String;)I @ 41

Classes redefined (0 events):
No events

Internal exceptions (10 events):
Event: 0.533 Thread 0x0000000002a76000 Exception <a 'sun/nio/fs/WindowsException'> (0x00000000ff3049e8) thrown at [D:\src\AOSP-openjdk-cygwin\jdk8u\hotspot\src\share\vm\prims\jni.cpp, line 709]
Event: 0.533 Thread 0x0000000002a76000 Exception <a 'sun/nio/fs/WindowsException'> (0x00000000ff304fe0) thrown at [D:\src\AOSP-openjdk-cygwin\jdk8u\hotspot\src\share\vm\prims\jni.cpp, line 709]
Event: 0.533 Thread 0x0000000002a76000 Exception <a 'sun/nio/fs/WindowsException'> (0x00000000ff3057b0) thrown at [D:\src\AOSP-openjdk-cygwin\jdk8u\hotspot\src\share\vm\prims\jni.cpp, line 709]
Event: 0.535 Thread 0x0000000002a76000 Exception <a 'sun/nio/fs/WindowsException'> (0x00000000ff30a7b8) thrown at [D:\src\AOSP-openjdk-cygwin\jdk8u\hotspot\src\share\vm\prims\jni.cpp, line 709]
Event: 0.652 Thread 0x0000000002a76000 Exception <a 'sun/nio/fs/WindowsException'> (0x00000000fec3fb48) thrown at [D:\src\AOSP-openjdk-cygwin\jdk8u\hotspot\src\share\vm\prims\jni.cpp, line 709]
Event: 0.652 Thread 0x0000000002a76000 Exception <a 'sun/nio/fs/WindowsException'> (0x00000000fec400a0) thrown at [D:\src\AOSP-openjdk-cygwin\jdk8u\hotspot\src\share\vm\prims\jni.cpp, line 709]
Event: 0.708 Thread 0x0000000002a76000 Exception <a 'sun/nio/fs/WindowsException'> (0x00000000fef9fb08) thrown at [D:\src\AOSP-openjdk-cygwin\jdk8u\hotspot\src\share\vm\prims\jni.cpp, line 709]
Event: 0.708 Thread 0x0000000002a76000 Exception <a 'sun/nio/fs/WindowsException'> (0x00000000fef9ffe0) thrown at [D:\src\AOSP-openjdk-cygwin\jdk8u\hotspot\src\share\vm\prims\jni.cpp, line 709]
Event: 0.783 Thread 0x0000000002a76000 Exception <a 'sun/nio/fs/WindowsException'> (0x00000000ff002cc0) thrown at [D:\src\AOSP-openjdk-cygwin\jdk8u\hotspot\src\share\vm\prims\jni.cpp, line 709]
Event: 0.783 Thread 0x0000000002a76000 Exception <a 'sun/nio/fs/WindowsException'> (0x00000000ff003198) thrown at [D:\src\AOSP-openjdk-cygwin\jdk8u\hotspot\src\share\vm\prims\jni.cpp, line 709]

Events (10 events):
Event: 0.791 Thread 0x0000000002a76000 Uncommon trap: trap_request=0xffffffc6 fr.pc=0x0000000002e8edac
Event: 0.791 Thread 0x0000000002a76000 DEOPT PACKING pc=0x0000000002e8edac sp=0x0000000002a6eb90
Event: 0.791 Thread 0x0000000002a76000 DEOPT UNPACKING pc=0x0000000002bb557b sp=0x0000000002a6eb40 mode 2
Event: 0.791 loading class org/objectweb/asm/tree/LocalVariableNode
Event: 0.791 loading class org/objectweb/asm/tree/LocalVariableNode done
Event: 0.810 Thread 0x0000000002a76000 Uncommon trap: trap_request=0xffffff65 fr.pc=0x0000000002e96b4c
Event: 0.810 Thread 0x0000000002a76000 DEOPT PACKING pc=0x0000000002e96b4c sp=0x0000000002a6eab0
Event: 0.810 Thread 0x0000000002a76000 DEOPT UNPACKING pc=0x0000000002bb557b sp=0x0000000002a6ea40 mode 2
Event: 0.860 Thread 0x0000000002a76000 DEOPT PACKING pc=0x0000000002ce68c7 sp=0x0000000002a6f0c0
Event: 0.860 Thread 0x0000000002a76000 DEOPT UNPACKING pc=0x0000000002bb75d0 sp=0x0000000002a6edf0 mode 0


Dynamic libraries:
0x00007ff7b9f90000 - 0x00007ff7b9fc1000 	D:\Android\Android Studio\jre\bin\java.exe
0x00007ffe7f380000 - 0x00007ffe7f551000 	C:\Windows\SYSTEM32\ntdll.dll
0x00007ffe7f2d0000 - 0x00007ffe7f37b000 	C:\Windows\System32\KERNEL32.DLL
0x00007ffe7ba50000 - 0x00007ffe7bc6d000 	C:\Windows\System32\KERNELBASE.dll
0x00007ffe7dc40000 - 0x00007ffe7dce2000 	C:\Windows\System32\ADVAPI32.dll
0x00007ffe7cc80000 - 0x00007ffe7cd1e000 	C:\Windows\System32\msvcrt.dll
0x00007ffe7d780000 - 0x00007ffe7d7d9000 	C:\Windows\System32\sechost.dll
0x00007ffe7c9b0000 - 0x00007ffe7cad1000 	C:\Windows\System32\RPCRT4.dll
0x00007ffe7d2f0000 - 0x00007ffe7d455000 	C:\Windows\System32\USER32.dll
0x00007ffe7ba30000 - 0x00007ffe7ba4e000 	C:\Windows\System32\win32u.dll
0x00007ffe7cd20000 - 0x00007ffe7cd54000 	C:\Windows\System32\GDI32.dll
0x00007ffe7bc70000 - 0x00007ffe7bdf2000 	C:\Windows\System32\gdi32full.dll
0x00007ffe71730000 - 0x00007ffe719a9000 	C:\Windows\WinSxS\amd64_microsoft.windows.common-controls_6595b64144ccf1df_6.0.14393.0_none_2d0f50fcbdb171b8\COMCTL32.dll
0x00007ffe7d970000 - 0x00007ffe7dc37000 	C:\Windows\System32\combase.dll
0x00007ffe7c130000 - 0x00007ffe7c225000 	C:\Windows\System32\ucrtbase.dll
0x00007ffe7b9c0000 - 0x00007ffe7ba2a000 	C:\Windows\System32\bcryptPrimitives.dll
0x00007ffe7d940000 - 0x00007ffe7d96e000 	C:\Windows\System32\IMM32.DLL
0x0000000058d60000 - 0x0000000058e32000 	D:\Android\Android Studio\jre\jre\bin\msvcr100.dll
0x0000000058f20000 - 0x000000005975f000 	D:\Android\Android Studio\jre\jre\bin\server\jvm.dll
0x00007ffe7ddb0000 - 0x00007ffe7ddb8000 	C:\Windows\System32\PSAPI.DLL
0x00007ffe6c1a0000 - 0x00007ffe6c1a9000 	C:\Windows\SYSTEM32\WSOCK32.dll
0x00007ffe78e30000 - 0x00007ffe78e53000 	C:\Windows\SYSTEM32\WINMM.dll
0x00007ffe7d280000 - 0x00007ffe7d2ea000 	C:\Windows\System32\WS2_32.dll
0x00007ffe71b70000 - 0x00007ffe71b7a000 	C:\Windows\SYSTEM32\VERSION.dll
0x00007ffe78dd0000 - 0x00007ffe78dfb000 	C:\Windows\SYSTEM32\WINMMBASE.dll
0x00007ffe7b970000 - 0x00007ffe7b9b2000 	C:\Windows\System32\cfgmgr32.dll
0x00007ffe799d0000 - 0x00007ffe799df000 	D:\Android\Android Studio\jre\jre\bin\verify.dll
0x00007ffe76be0000 - 0x00007ffe76c09000 	D:\Android\Android Studio\jre\jre\bin\java.dll
0x00007ffe78150000 - 0x00007ffe78166000 	D:\Android\Android Studio\jre\jre\bin\zip.dll
0x00007ffe7ddc0000 - 0x00007ffe7f2c8000 	C:\Windows\System32\SHELL32.dll
0x00007ffe7c230000 - 0x00007ffe7c90a000 	C:\Windows\System32\windows.storage.dll
0x00007ffe7b8c0000 - 0x00007ffe7b90c000 	C:\Windows\System32\powrprof.dll
0x00007ffe7cc20000 - 0x00007ffe7cc72000 	C:\Windows\System32\shlwapi.dll
0x00007ffe7b8b0000 - 0x00007ffe7b8bf000 	C:\Windows\System32\kernel.appcore.dll
0x00007ffe7c080000 - 0x00007ffe7c129000 	C:\Windows\System32\shcore.dll
0x00007ffe7b890000 - 0x00007ffe7b8a4000 	C:\Windows\System32\profapi.dll
0x00007ffe7b300000 - 0x00007ffe7b317000 	C:\Windows\SYSTEM32\CRYPTSP.dll
0x00007ffe7ad70000 - 0x00007ffe7ada3000 	C:\Windows\system32\rsaenh.dll
0x00007ffe7b7c0000 - 0x00007ffe7b7eb000 	C:\Windows\SYSTEM32\bcrypt.dll
0x00007ffe7afe0000 - 0x00007ffe7afff000 	C:\Windows\SYSTEM32\USERENV.dll
0x00007ffe7b320000 - 0x00007ffe7b32b000 	C:\Windows\SYSTEM32\CRYPTBASE.dll
0x00007ffe77700000 - 0x00007ffe7771a000 	D:\Android\Android Studio\jre\jre\bin\net.dll
0x00007ffe7b160000 - 0x00007ffe7b1bc000 	C:\Windows\system32\mswsock.dll
0x00007ffe7aee0000 - 0x00007ffe7af18000 	C:\Windows\SYSTEM32\IPHLPAPI.DLL
0x00007ffe7d460000 - 0x00007ffe7d468000 	C:\Windows\System32\NSI.dll
0x00007ffe77870000 - 0x00007ffe77886000 	C:\Windows\SYSTEM32\dhcpcsvc6.DLL
0x00007ffe77850000 - 0x00007ffe7786a000 	C:\Windows\SYSTEM32\dhcpcsvc.DLL
0x00007ffe76650000 - 0x00007ffe76661000 	D:\Android\Android Studio\jre\jre\bin\nio.dll

VM Arguments:
jvm_args: -Djava.awt.headless=true -Xmx64M -Dfile.encoding=GBK -Duser.country=CN -Duser.language=zh -Duser.variant 
java_command: com.google.devtools.build.android.desugar.Desugar --input E:\OA\app\build\intermediates\transforms\stackFramesFixer\debug\75.jar --output E:\OA\app\build\intermediates\transforms\desugar\debug\78.jar --input E:\OA\app\build\intermediates\transforms\stackFramesFixer\debug\67.jar --output E:\OA\app\build\intermediates\transforms\desugar\debug\70.jar --input E:\OA\app\build\intermediates\transforms\stackFramesFixer\debug\11.jar --output E:\OA\app\build\intermediates\transforms\desugar\debug\14.jar --input E:\OA\app\build\intermediates\transforms\stackFramesFixer\debug\41.jar --output E:\OA\app\build\intermediates\transforms\desugar\debug\44.jar --input E:\OA\app\build\intermediates\transforms\stackFramesFixer\debug\1.jar --output E:\OA\app\build\intermediates\transforms\desugar\debug\4.jar --input E:\OA\app\build\intermediates\transforms\stackFramesFixer\debug\28.jar --output E:\OA\app\build\intermediates\transforms\desugar\debug\31.jar --input E:\OA\app\build\intermediates\transforms\stackFramesFixer\debug\7.jar --output E:\OA\app\build\intermediates\transforms\desugar\debug\10.jar --input E:\OA\app\build\intermediates\transforms\stackFramesFixer\debug\73.jar --output E:\OA\app\build\intermediates\transforms\desugar\debug\76.jar --input E:\OA\app\build\intermediates\transforms\stackFramesFixer\debug\49.jar --output E:\OA\app\build\intermediates\transforms\desugar\debug\52.jar --input E:\OA\app\build\intermediates\transforms\stackFramesFixer\debug\36.jar --output E:\OA\app\build\intermediates\transforms\desugar\debug\39.jar --input E:\OA\app\build\intermediates\transforms\stackFramesFixer\debug\35.jar --output E:\OA\app\build\intermediates\transforms\desugar\debug\38.jar --input E:\OA\app\build\intermediates\transforms\stackFramesFixer\debug\29.jar --output E:\OA\app\build\intermediates\transforms\desugar\debug\32.jar --input E:\OA\app\build\intermediates\transforms\stackFramesFixer\debug\46.jar --output E:\OA\app\build\intermediates\transforms\desugar\
java_class_path (initial): C:\Users\Administrator\AppData\Local\Temp\desugar_deploy.jar7816977749894655597
Launcher Type: SUN_STANDARD

Environment Variables:
JAVA_HOME=D:\Java\jdk-10.0.1
CLASSPATH=D:\Java\jdk-10.0.1\lib;D:\Java\jdk-10.0.1\lib\tools.jar
PATH=C:\Python27\;C:\Python27\Scripts;D:\Python\Scripts\;D:\Python\;D:\Java\jdk-10.0.1\bin;C:\Program Files (x86)\Common Files\Oracle\Java\javapath;C:\Program Files (x86)\Intel\Intel(R) Management Engine Components\iCLS\;C:\Program Files\Intel\Intel(R) Management Engine Components\iCLS\;C:\Windows\system32;C:\Windows;C:\Windows\System32\Wbem;C:\Windows\System32\WindowsPowerShell\v1.0\;C:\Program Files (x86)\Intel\Intel(R) Management Engine Components\DAL;C:\Program Files\Intel\Intel(R) Management Engine Components\DAL;C:\Program Files (x86)\Intel\Intel(R) Management Engine Components\IPT;C:\Program Files\Intel\Intel(R) Management Engine Components\IPT;D:\svn\bin;D:\Git\cmd;D:\AndroidSDK\platform-tools;D:\Program Files\nodejs\;C:\ProgramData\chocolatey\bin;D:\Java\jdk-10.0.1\jre\bin;D:\Program Files\Microsoft VS Code\bin;C:\Users\Administrator\AppData\Local\Microsoft\WindowsApps;C:\Users\Administrator\AppData\Local\GitHubDesktop\bin;C:\Users\Administrator\AppData\Roaming\npm
USERNAME=Administrator
OS=Windows_NT
PROCESSOR_IDENTIFIER=Intel64 Family 6 Model 158 Stepping 10, GenuineIntel



---------------  S Y S T E M  ---------------

OS: Windows 10.0 , 64 bit Build 14393 (10.0.14393.0)

CPU:total 6 (initial active 6) (6 cores per cpu, 1 threads per core) family 6 model 158 stepping 10, cmov, cx8, fxsr, mmx, sse, sse2, sse3, ssse3, sse4.1, sse4.2, popcnt, avx, avx2, aes, clmul, erms, 3dnowpref, lzcnt, tsc, tscinvbit, bmi1, bmi2, adx

Memory: 4k page, physical 8246756k(984024k free), swap 10876944k(5044k free)

vm_info: OpenJDK 64-Bit Server VM (25.152-b02) for windows-amd64 JRE (1.8.0_152-release-1024-b02), built by "builder" with MS VC++ 10.0 (VS2010)

time: Fri Jul 10 16:25:14 2020
elapsed time: 0 seconds (0d 0h 0m 0s)

