#
# There is insufficient memory for the Java Runtime Environment to continue.
# Native memory allocation (malloc) failed to allocate 1048576 bytes for AllocateHeap
# Possible reasons:
#   The system is out of physical RAM or swap space
#   In 32 bit mode, the process size limit was hit
# Possible solutions:
#   Reduce memory load on the system
#   Increase physical memory or swap space
#   Check if swap backing store is full
#   Use 64 bit Java on a 64 bit OS
#   Decrease Java heap size (-Xmx/-Xms)
#   Decrease number of Java threads
#   Decrease Java thread stack sizes (-Xss)
#   Set larger code cache with -XX:ReservedCodeCacheSize=
# This output file may be truncated or incomplete.
#
#  Out of Memory Error (memory/allocation.inline.hpp:61), pid=8784, tid=0x000000000000545c
#
# JRE version:  (8.0_152-b02) (build )
# Java VM: OpenJDK 64-Bit Server VM (25.152-b02 mixed mode windows-amd64 compressed oops)
# Failed to write core dump. Minidumps are not enabled by default on client versions of Windows
#

---------------  T H R E A D  ---------------

Current thread (0x0000000003146000):  JavaThread "Unknown thread" [_thread_in_vm, id=21596, stack(0x0000000003040000,0x0000000003140000)]

Stack: [0x0000000003040000,0x0000000003140000]
[error occurred during error reporting (printing stack bounds), id 0xc0000005]

Native frames: (J=compiled Java code, j=interpreted, Vv=VM code, C=native code)


---------------  P R O C E S S  ---------------

Java Threads: ( => current thread )

Other Threads:

=>0x0000000003146000 (exited) JavaThread "Unknown thread" [_thread_in_vm, id=21596, stack(0x0000000003040000,0x0000000003140000)]

VM state:not at safepoint (normal execution)

VM Mutex/Monitor currently owned by a thread: None

Heap:
 PSYoungGen      total 18944K, used 327K [0x00000000feb00000, 0x0000000100000000, 0x0000000100000000)
  eden space 16384K, 2% used [0x00000000feb00000,0x00000000feb51ec8,0x00000000ffb00000)
  from space 2560K, 0% used [0x00000000ffd80000,0x00000000ffd80000,0x0000000100000000)
  to   space 2560K, 0% used [0x00000000ffb00000,0x00000000ffb00000,0x00000000ffd80000)
 ParOldGen       total 44032K, used 0K [0x00000000fc000000, 0x00000000feb00000, 0x00000000feb00000)
  object space 44032K, 0% used [0x00000000fc000000,0x00000000fc000000,0x00000000feb00000)
 Metaspace       used 772K, capacity 4480K, committed 4480K, reserved 1056768K
  class space    used 73K, capacity 384K, committed 384K, reserved 1048576K

Card table byte_map: [0x0000000002a10000,0x0000000002a40000] byte_map_base: 0x0000000002230000

Marking Bits: (ParMarkBitMap*) 0x00000000596e4970
 Begin Bits: [0x0000000012c00000, 0x0000000012d00000)
 End Bits:   [0x0000000012d00000, 0x0000000012e00000)

Polling page: 0x0000000001270000

CodeCache: size=245760Kb used=328Kb max_used=328Kb free=245431Kb
 bounds [0x0000000003240000, 0x00000000034b0000, 0x0000000012240000]
 total_blobs=57 nmethods=0 adapters=38
 compilation: enabled

Compilation events (0 events):
No events

GC Heap History (0 events):
No events

Deoptimization events (0 events):
No events

Classes redefined (0 events):
No events

Internal exceptions (0 events):
No events

Events (10 events):
Event: 0.016 loading class java/lang/Short
Event: 0.016 loading class java/lang/Short done
Event: 0.016 loading class java/lang/Integer
Event: 0.016 loading class java/lang/Integer done
Event: 0.016 loading class java/lang/Long
Event: 0.016 loading class java/lang/Long done
Event: 0.017 loading class java/lang/NullPointerException
Event: 0.017 loading class java/lang/NullPointerException done
Event: 0.017 loading class java/lang/ArithmeticException
Event: 0.017 loading class java/lang/ArithmeticException done


Dynamic libraries:
0x00007ff7b9f90000 - 0x00007ff7b9fc1000 	D:\Android\Android Studio\jre\bin\java.exe
0x00007ffe7f380000 - 0x00007ffe7f551000 	C:\Windows\SYSTEM32\ntdll.dll
0x00007ffe7f2d0000 - 0x00007ffe7f37b000 	C:\Windows\System32\KERNEL32.DLL
0x00007ffe7ba50000 - 0x00007ffe7bc6d000 	C:\Windows\System32\KERNELBASE.dll
0x00007ffe7dc40000 - 0x00007ffe7dce2000 	C:\Windows\System32\ADVAPI32.dll
0x00007ffe7cc80000 - 0x00007ffe7cd1e000 	C:\Windows\System32\msvcrt.dll
0x00007ffe7d780000 - 0x00007ffe7d7d9000 	C:\Windows\System32\sechost.dll
0x00007ffe7c9b0000 - 0x00007ffe7cad1000 	C:\Windows\System32\RPCRT4.dll
0x00007ffe7d2f0000 - 0x00007ffe7d455000 	C:\Windows\System32\USER32.dll
0x00007ffe7ba30000 - 0x00007ffe7ba4e000 	C:\Windows\System32\win32u.dll
0x00007ffe7cd20000 - 0x00007ffe7cd54000 	C:\Windows\System32\GDI32.dll
0x00007ffe7bc70000 - 0x00007ffe7bdf2000 	C:\Windows\System32\gdi32full.dll
0x00007ffe71730000 - 0x00007ffe719a9000 	C:\Windows\WinSxS\amd64_microsoft.windows.common-controls_6595b64144ccf1df_6.0.14393.0_none_2d0f50fcbdb171b8\COMCTL32.dll
0x00007ffe7d970000 - 0x00007ffe7dc37000 	C:\Windows\System32\combase.dll
0x00007ffe7c130000 - 0x00007ffe7c225000 	C:\Windows\System32\ucrtbase.dll
0x00007ffe7b9c0000 - 0x00007ffe7ba2a000 	C:\Windows\System32\bcryptPrimitives.dll
0x00007ffe7d940000 - 0x00007ffe7d96e000 	C:\Windows\System32\IMM32.DLL
0x0000000058d60000 - 0x0000000058e32000 	D:\Android\Android Studio\jre\jre\bin\msvcr100.dll
0x0000000058f20000 - 0x000000005975f000 	D:\Android\Android Studio\jre\jre\bin\server\jvm.dll
0x00007ffe7ddb0000 - 0x00007ffe7ddb8000 	C:\Windows\System32\PSAPI.DLL
0x00007ffe6c1a0000 - 0x00007ffe6c1a9000 	C:\Windows\SYSTEM32\WSOCK32.dll
0x00007ffe78e30000 - 0x00007ffe78e53000 	C:\Windows\SYSTEM32\WINMM.dll
0x00007ffe7d280000 - 0x00007ffe7d2ea000 	C:\Windows\System32\WS2_32.dll
0x00007ffe71b70000 - 0x00007ffe71b7a000 	C:\Windows\SYSTEM32\VERSION.dll
0x00007ffe78dd0000 - 0x00007ffe78dfb000 	C:\Windows\SYSTEM32\WINMMBASE.dll
0x00007ffe7b970000 - 0x00007ffe7b9b2000 	C:\Windows\System32\cfgmgr32.dll
0x00007ffe799d0000 - 0x00007ffe799df000 	D:\Android\Android Studio\jre\jre\bin\verify.dll
0x00007ffe76be0000 - 0x00007ffe76c09000 	D:\Android\Android Studio\jre\jre\bin\java.dll
0x00007ffe78150000 - 0x00007ffe78166000 	D:\Android\Android Studio\jre\jre\bin\zip.dll

VM Arguments:
jvm_args: -Djava.awt.headless=true -Xmx64M -Dfile.encoding=GBK -Duser.country=CN -Duser.language=zh -Duser.variant 
java_command: com.google.devtools.build.android.desugar.Desugar --input E:\OA\app\build\intermediates\transforms\stackFramesFixer\debug\13.jar --output E:\OA\app\build\intermediates\transforms\desugar\debug\16.jar --input E:\OA\app\build\intermediates\transforms\stackFramesFixer\debug\10.jar --output E:\OA\app\build\intermediates\transforms\desugar\debug\13.jar --input E:\OA\app\build\intermediates\transforms\stackFramesFixer\debug\37.jar --output E:\OA\app\build\intermediates\transforms\desugar\debug\40.jar --input E:\OA\app\build\intermediates\transforms\stackFramesFixer\debug\24.jar --output E:\OA\app\build\intermediates\transforms\desugar\debug\27.jar --input E:\OA\app\build\intermediates\transforms\stackFramesFixer\debug\34.jar --output E:\OA\app\build\intermediates\transforms\desugar\debug\37.jar --input E:\OA\app\build\intermediates\transforms\stackFramesFixer\debug\15.jar --output E:\OA\app\build\intermediates\transforms\desugar\debug\18.jar --input E:\OA\app\build\intermediates\transforms\stackFramesFixer\debug\5.jar --output E:\OA\app\build\intermediates\transforms\desugar\debug\8.jar --input E:\OA\app\build\intermediates\transforms\stackFramesFixer\debug\4.jar --output E:\OA\app\build\intermediates\transforms\desugar\debug\7.jar --input E:\OA\app\build\intermediates\transforms\stackFramesFixer\debug\9.jar --output E:\OA\app\build\intermediates\transforms\desugar\debug\12.jar --input E:\OA\app\build\intermediates\transforms\stackFramesFixer\debug\25.jar --output E:\OA\app\build\intermediates\transforms\desugar\debug\28.jar --input E:\OA\app\build\intermediates\transforms\stackFramesFixer\debug\50.jar --output E:\OA\app\build\intermediates\transforms\desugar\debug\53.jar --input E:\OA\app\build\intermediates\classes\debug --output E:\OA\app\build\intermediates\transforms\desugar\debug\2 --input E:\OA\app\build\intermediates\transforms\stackFramesFixer\debug\0.jar --output E:\OA\app\build\intermediates\transforms\desugar\debug\3.jar --input E:\OA\app\build
java_class_path (initial): C:\Users\Administrator\AppData\Local\Temp\desugar_deploy.jar7816977749894655597
Launcher Type: SUN_STANDARD

Environment Variables:
JAVA_HOME=D:\Java\jdk-10.0.1
CLASSPATH=D:\Java\jdk-10.0.1\lib;D:\Java\jdk-10.0.1\lib\tools.jar
PATH=C:\Python27\;C:\Python27\Scripts;D:\Python\Scripts\;D:\Python\;D:\Java\jdk-10.0.1\bin;C:\Program Files (x86)\Common Files\Oracle\Java\javapath;C:\Program Files (x86)\Intel\Intel(R) Management Engine Components\iCLS\;C:\Program Files\Intel\Intel(R) Management Engine Components\iCLS\;C:\Windows\system32;C:\Windows;C:\Windows\System32\Wbem;C:\Windows\System32\WindowsPowerShell\v1.0\;C:\Program Files (x86)\Intel\Intel(R) Management Engine Components\DAL;C:\Program Files\Intel\Intel(R) Management Engine Components\DAL;C:\Program Files (x86)\Intel\Intel(R) Management Engine Components\IPT;C:\Program Files\Intel\Intel(R) Management Engine Components\IPT;D:\svn\bin;D:\Git\cmd;D:\AndroidSDK\platform-tools;D:\Program Files\nodejs\;C:\ProgramData\chocolatey\bin;D:\Java\jdk-10.0.1\jre\bin;D:\Program Files\Microsoft VS Code\bin;C:\Users\Administrator\AppData\Local\Microsoft\WindowsApps;C:\Users\Administrator\AppData\Local\GitHubDesktop\bin;C:\Users\Administrator\AppData\Roaming\npm
USERNAME=Administrator
OS=Windows_NT
PROCESSOR_IDENTIFIER=Intel64 Family 6 Model 158 Stepping 10, GenuineIntel



---------------  S Y S T E M  ---------------

OS: Windows 10.0 , 64 bit Build 14393 (10.0.14393.0)

CPU:total 6 (initial active 6) (6 cores per cpu, 1 threads per core) family 6 model 158 stepping 10, cmov, cx8, fxsr, mmx, sse, sse2, sse3, ssse3, sse4.1, sse4.2, popcnt, avx, avx2, aes, clmul, erms, 3dnowpref, lzcnt, tsc, tscinvbit, bmi1, bmi2, adx

Memory: 4k page, physical 8246756k(1188684k free), swap 10876944k(5356k free)

vm_info: OpenJDK 64-Bit Server VM (25.152-b02) for windows-amd64 JRE (1.8.0_152-release-1024-b02), built by "builder" with MS VC++ 10.0 (VS2010)

time: Fri Jul 10 16:25:13 2020
elapsed time: 0 seconds (0d 0h 0m 0s)

